2023-10-29 08:14:50,136 [DEBUG] [Line No. 145] tweeterpy.tweeterpy : generate_session :: Trying to generate a new session.
2023-10-29 08:14:50,136 [DEBUG] [Line No. 20] tweeterpy.request_util : make_request :: {'url': 'https://www.twitter.com/', 'session': <requests.sessions.Session object at 0x7fc477393c10>, 'method': 'GET', 'max_retries': 3, 'timeout': 5, 'skip_error_checking': False, 'kwargs': {}}
2023-10-29 08:14:50,138 [DEBUG] [Line No. 1048] urllib3.connectionpool : _new_conn :: Starting new HTTPS connection (1): www.twitter.com:443
2023-10-29 08:14:50,642 [DEBUG] [Line No. 546] urllib3.connectionpool : _make_request :: https://www.twitter.com:443 "GET / HTTP/1.1" 301 0
2023-10-29 08:14:50,643 [DEBUG] [Line No. 1048] urllib3.connectionpool : _new_conn :: Starting new HTTPS connection (1): twitter.com:443
2023-10-29 08:14:51,178 [DEBUG] [Line No. 546] urllib3.connectionpool : _make_request :: https://twitter.com:443 "GET / HTTP/1.1" 200 None
2023-10-29 08:14:51,473 [DEBUG] [Line No. 20] tweeterpy.request_util : make_request :: {'url': 'https://api.twitter.com/1.1/guest/activate.json', 'session': <requests.sessions.Session object at 0x7fc477393c10>, 'method': 'POST', 'max_retries': 3, 'timeout': 5, 'skip_error_checking': False, 'kwargs': {}}
2023-10-29 08:14:51,474 [DEBUG] [Line No. 1048] urllib3.connectionpool : _new_conn :: Starting new HTTPS connection (1): api.twitter.com:443
2023-10-29 08:14:51,926 [DEBUG] [Line No. 546] urllib3.connectionpool : _make_request :: https://api.twitter.com:443 "POST /1.1/guest/activate.json HTTP/1.1" 200 63
2023-10-29 08:14:51,927 [DEBUG] [Line No. 162] tweeterpy.tweeterpy : generate_session :: Session has been generated.
2023-10-29 08:14:51,927 [DEBUG] [Line No. 29] tweeterpy.api_util : __init__ :: Updating API...
2023-10-29 08:14:51,927 [DEBUG] [Line No. 20] tweeterpy.request_util : make_request :: {'url': 'https://www.twitter.com/', 'session': <requests.sessions.Session object at 0x7fc477393c10>, 'method': 'GET', 'max_retries': 3, 'timeout': 5, 'skip_error_checking': False, 'kwargs': {}}
2023-10-29 08:14:52,142 [DEBUG] [Line No. 546] urllib3.connectionpool : _make_request :: https://www.twitter.com:443 "GET / HTTP/1.1" 301 0
2023-10-29 08:14:52,412 [DEBUG] [Line No. 546] urllib3.connectionpool : _make_request :: https://twitter.com:443 "GET / HTTP/1.1" 200 None
2023-10-29 08:14:52,762 [ERROR] [Line No. 72] tweeterpy.api_util : _get_api_file_url :: Couldn't get the API file Url.
'NoneType' object has no attribute 'group'
Traceback (most recent call last):
  File "/home/ubantu/Desktop/TweeterPy/tweeterpy/api_util.py", line 68, in _get_api_file_url
    api_file_name = re.search(api_file_regex, page_source).group(1)
AttributeError: 'NoneType' object has no attribute 'group'
2023-10-29 08:14:52,763 [DEBUG] [Line No. 82] tweeterpy.api_util : _get_main_file_url :: Main File Url => https://abs.twimg.com/responsive-web/client-web/main.ea3ae2ca.js
2023-10-29 08:14:52,766 [DEBUG] [Line No. 20] tweeterpy.request_util : make_request :: {'url': 'https://abs.twimg.com/responsive-web/client-web/main.ea3ae2ca.js', 'session': <requests.sessions.Session object at 0x7fc477393c10>, 'method': 'GET', 'max_retries': 3, 'timeout': 5, 'skip_error_checking': False, 'kwargs': {}}
2023-10-29 08:14:52,768 [DEBUG] [Line No. 1048] urllib3.connectionpool : _new_conn :: Starting new HTTPS connection (1): abs.twimg.com:443
2023-10-29 08:14:53,115 [DEBUG] [Line No. 546] urllib3.connectionpool : _make_request :: https://abs.twimg.com:443 "GET /responsive-web/client-web/main.ea3ae2ca.js HTTP/1.1" 200 407716
2023-10-29 08:14:57,880 [DEBUG] [Line No. 155] tweeterpy.api_util : _save_api_data :: Saving API data to the temp file.
2023-10-29 08:14:57,886 [DEBUG] [Line No. 158] tweeterpy.api_util : _save_api_data :: API data saved successfully.
2023-10-29 08:14:57,886 [INFO] [Line No. 55] tweeterpy.api_util : __init__ :: API Updated Successfully.
2023-10-29 08:14:57,886 [DEBUG] [Line No. 44] tweeterpy.tweeterpy : _generate_request_data :: Request Payload => {'url': 'https://twitter.com/i/api/graphql/G3KGOASz96M-Qu0nwmGXNg/UserByScreenName', 'params': {'variables': '{"screen_name": "elonmusk", "withSafetyModeUserFields": true}', 'features': '{"hidden_profile_likes_enabled": true, "hidden_profile_subscriptions_enabled": true, "responsive_web_graphql_exclude_directive_enabled": true, "verified_phone_label_enabled": false, "subscriptions_verification_info_is_identity_verified_enabled": true, "subscriptions_verification_info_verified_since_enabled": true, "highlights_tweets_tab_ui_enabled": true, "creator_subscriptions_tweet_preview_api_enabled": true, "responsive_web_graphql_skip_user_profile_image_extensions_enabled": false, "responsive_web_graphql_timeline_navigation_enabled": true}'}}
2023-10-29 08:14:57,886 [DEBUG] [Line No. 20] tweeterpy.request_util : make_request :: {'url': 'https://twitter.com/i/api/graphql/G3KGOASz96M-Qu0nwmGXNg/UserByScreenName', 'session': <requests.sessions.Session object at 0x7fc477393c10>, 'method': 'GET', 'max_retries': 3, 'timeout': 5, 'skip_error_checking': False, 'kwargs': {'params': {'variables': '{"screen_name": "elonmusk", "withSafetyModeUserFields": true}', 'features': '{"hidden_profile_likes_enabled": true, "hidden_profile_subscriptions_enabled": true, "responsive_web_graphql_exclude_directive_enabled": true, "verified_phone_label_enabled": false, "subscriptions_verification_info_is_identity_verified_enabled": true, "subscriptions_verification_info_verified_since_enabled": true, "highlights_tweets_tab_ui_enabled": true, "creator_subscriptions_tweet_preview_api_enabled": true, "responsive_web_graphql_skip_user_profile_image_extensions_enabled": false, "responsive_web_graphql_timeline_navigation_enabled": true}'}}}
2023-10-29 08:14:58,161 [DEBUG] [Line No. 546] urllib3.connectionpool : _make_request :: https://twitter.com:443 "GET /i/api/graphql/G3KGOASz96M-Qu0nwmGXNg/UserByScreenName?variables=%7B%22screen_name%22%3A+%22elonmusk%22%2C+%22withSafetyModeUserFields%22%3A+true%7D&features=%7B%22hidden_profile_likes_enabled%22%3A+true%2C+%22hidden_profile_subscriptions_enabled%22%3A+true%2C+%22responsive_web_graphql_exclude_directive_enabled%22%3A+true%2C+%22verified_phone_label_enabled%22%3A+false%2C+%22subscriptions_verification_info_is_identity_verified_enabled%22%3A+true%2C+%22subscriptions_verification_info_verified_since_enabled%22%3A+true%2C+%22highlights_tweets_tab_ui_enabled%22%3A+true%2C+%22creator_subscriptions_tweet_preview_api_enabled%22%3A+true%2C+%22responsive_web_graphql_skip_user_profile_image_extensions_enabled%22%3A+false%2C+%22responsive_web_graphql_timeline_navigation_enabled%22%3A+true%7D HTTP/1.1" 200 1017
2023-10-29 08:14:58,162 [DEBUG] [Line No. 116] tweeterpy.util : check_api_rate_limits :: {'total_limit': 95, 'remaining_requests_count': 94, 'resets_after': '0 Hours, 14 Minutes, 58.84 Seconds', 'reset_after_datetime_object': datetime.timedelta(seconds=898, microseconds=837588), 'rate_limit_exhausted': False}
2023-10-29 08:14:58,164 [DEBUG] [Line No. 60] chardet.charsetprober : feed :: SHIFT_JIS Japanese prober hit error at byte 791
2023-10-29 08:14:58,165 [DEBUG] [Line No. 61] chardet.charsetprober : feed :: EUC-JP Japanese prober hit error at byte 790
2023-10-29 08:14:58,167 [DEBUG] [Line No. 65] chardet.charsetprober : feed :: EUC-KR Korean prober hit error at byte 790
2023-10-29 08:14:58,171 [DEBUG] [Line No. 65] chardet.charsetprober : feed :: EUC-TW Taiwan prober hit error at byte 789
2023-10-29 08:14:58,174 [DEBUG] [Line No. 101] chardet.charsetprober : get_confidence :: utf-8  confidence = 0.505
2023-10-29 08:14:58,174 [DEBUG] [Line No. 98] chardet.charsetprober : get_confidence :: SHIFT_JIS not active
2023-10-29 08:14:58,174 [DEBUG] [Line No. 98] chardet.charsetprober : get_confidence :: EUC-JP not active
2023-10-29 08:14:58,174 [DEBUG] [Line No. 101] chardet.charsetprober : get_confidence :: GB2312 Chinese confidence = 0.01
2023-10-29 08:14:58,174 [DEBUG] [Line No. 98] chardet.charsetprober : get_confidence :: EUC-KR not active
2023-10-29 08:14:58,174 [DEBUG] [Line No. 101] chardet.charsetprober : get_confidence :: CP949 Korean confidence = 0.01
2023-10-29 08:14:58,174 [DEBUG] [Line No. 101] chardet.charsetprober : get_confidence :: Big5 Chinese confidence = 0.01
2023-10-29 08:14:58,174 [DEBUG] [Line No. 98] chardet.charsetprober : get_confidence :: EUC-TW not active
2023-10-29 08:14:58,174 [DEBUG] [Line No. 101] chardet.charsetprober : get_confidence :: windows-1251 Russian confidence = 0.01
2023-10-29 08:14:58,174 [DEBUG] [Line No. 101] chardet.charsetprober : get_confidence :: KOI8-R Russian confidence = 0.01
2023-10-29 08:14:58,174 [DEBUG] [Line No. 101] chardet.charsetprober : get_confidence :: ISO-8859-5 Russian confidence = 0.01
2023-10-29 08:14:58,174 [DEBUG] [Line No. 101] chardet.charsetprober : get_confidence :: MacCyrillic Russian confidence = 0.01
2023-10-29 08:14:58,174 [DEBUG] [Line No. 101] chardet.charsetprober : get_confidence :: IBM866 Russian confidence = 0.01
2023-10-29 08:14:58,174 [DEBUG] [Line No. 101] chardet.charsetprober : get_confidence :: IBM855 Russian confidence = 0.01
2023-10-29 08:14:58,174 [DEBUG] [Line No. 101] chardet.charsetprober : get_confidence :: ISO-8859-7 Greek confidence = 0.01
2023-10-29 08:14:58,174 [DEBUG] [Line No. 101] chardet.charsetprober : get_confidence :: windows-1253 Greek confidence = 0.01
2023-10-29 08:14:58,174 [DEBUG] [Line No. 101] chardet.charsetprober : get_confidence :: ISO-8859-5 Bulgarian confidence = 0.01
2023-10-29 08:14:58,174 [DEBUG] [Line No. 101] chardet.charsetprober : get_confidence :: windows-1251 Bulgarian confidence = 0.01
2023-10-29 08:14:58,174 [DEBUG] [Line No. 101] chardet.charsetprober : get_confidence :: TIS-620 Thai confidence = 0.01
2023-10-29 08:14:58,174 [DEBUG] [Line No. 101] chardet.charsetprober : get_confidence :: ISO-8859-9 Turkish confidence = 0.5585796601109781
2023-10-29 08:14:58,174 [DEBUG] [Line No. 101] chardet.charsetprober : get_confidence :: windows-1255 Hebrew confidence = 0.0
2023-10-29 08:14:58,174 [DEBUG] [Line No. 101] chardet.charsetprober : get_confidence :: windows-1255 Hebrew confidence = 0.01
2023-10-29 08:14:58,174 [DEBUG] [Line No. 101] chardet.charsetprober : get_confidence :: windows-1255 Hebrew confidence = 0.01
2023-10-29 08:14:58,174 [DEBUG] [Line No. 101] chardet.charsetprober : get_confidence :: windows-1251 Russian confidence = 0.01
2023-10-29 08:14:58,174 [DEBUG] [Line No. 101] chardet.charsetprober : get_confidence :: KOI8-R Russian confidence = 0.01
2023-10-29 08:14:58,174 [DEBUG] [Line No. 101] chardet.charsetprober : get_confidence :: ISO-8859-5 Russian confidence = 0.01
2023-10-29 08:14:58,175 [DEBUG] [Line No. 101] chardet.charsetprober : get_confidence :: MacCyrillic Russian confidence = 0.01
2023-10-29 08:14:58,175 [DEBUG] [Line No. 101] chardet.charsetprober : get_confidence :: IBM866 Russian confidence = 0.01
2023-10-29 08:14:58,175 [DEBUG] [Line No. 101] chardet.charsetprober : get_confidence :: IBM855 Russian confidence = 0.01
2023-10-29 08:14:58,175 [DEBUG] [Line No. 101] chardet.charsetprober : get_confidence :: ISO-8859-7 Greek confidence = 0.01
2023-10-29 08:14:58,175 [DEBUG] [Line No. 101] chardet.charsetprober : get_confidence :: windows-1253 Greek confidence = 0.01
2023-10-29 08:14:58,175 [DEBUG] [Line No. 101] chardet.charsetprober : get_confidence :: ISO-8859-5 Bulgarian confidence = 0.01
2023-10-29 08:14:58,175 [DEBUG] [Line No. 101] chardet.charsetprober : get_confidence :: windows-1251 Bulgarian confidence = 0.01
2023-10-29 08:14:58,175 [DEBUG] [Line No. 101] chardet.charsetprober : get_confidence :: TIS-620 Thai confidence = 0.01
2023-10-29 08:14:58,175 [DEBUG] [Line No. 101] chardet.charsetprober : get_confidence :: ISO-8859-9 Turkish confidence = 0.5585796601109781
2023-10-29 08:14:58,175 [DEBUG] [Line No. 101] chardet.charsetprober : get_confidence :: windows-1255 Hebrew confidence = 0.0
2023-10-29 08:14:58,175 [DEBUG] [Line No. 101] chardet.charsetprober : get_confidence :: windows-1255 Hebrew confidence = 0.01
2023-10-29 08:14:58,175 [DEBUG] [Line No. 101] chardet.charsetprober : get_confidence :: windows-1255 Hebrew confidence = 0.01
2023-10-29 08:14:58,175 [WARNING] [Line No. 130] tweeterpy.tweeterpy : wrapper :: User is not authenticated.
2023-10-29 08:27:20,797 [DEBUG] [Line No. 145] tweeterpy.tweeterpy : generate_session :: Trying to generate a new session.
2023-10-29 08:27:20,797 [DEBUG] [Line No. 20] tweeterpy.request_util : make_request :: {'url': 'https://www.twitter.com/', 'session': <requests.sessions.Session object at 0x7fb7f498fc10>, 'method': 'GET', 'max_retries': 3, 'timeout': 5, 'skip_error_checking': False, 'kwargs': {}}
2023-10-29 08:27:20,798 [DEBUG] [Line No. 1048] urllib3.connectionpool : _new_conn :: Starting new HTTPS connection (1): www.twitter.com:443
2023-10-29 08:27:21,271 [DEBUG] [Line No. 546] urllib3.connectionpool : _make_request :: https://www.twitter.com:443 "GET / HTTP/1.1" 301 0
2023-10-29 08:27:21,273 [DEBUG] [Line No. 1048] urllib3.connectionpool : _new_conn :: Starting new HTTPS connection (1): twitter.com:443
2023-10-29 08:27:21,813 [DEBUG] [Line No. 546] urllib3.connectionpool : _make_request :: https://twitter.com:443 "GET / HTTP/1.1" 200 None
2023-10-29 08:27:22,138 [DEBUG] [Line No. 20] tweeterpy.request_util : make_request :: {'url': 'https://api.twitter.com/1.1/guest/activate.json', 'session': <requests.sessions.Session object at 0x7fb7f498fc10>, 'method': 'POST', 'max_retries': 3, 'timeout': 5, 'skip_error_checking': False, 'kwargs': {}}
2023-10-29 08:27:22,140 [DEBUG] [Line No. 1048] urllib3.connectionpool : _new_conn :: Starting new HTTPS connection (1): api.twitter.com:443
2023-10-29 08:27:22,611 [DEBUG] [Line No. 546] urllib3.connectionpool : _make_request :: https://api.twitter.com:443 "POST /1.1/guest/activate.json HTTP/1.1" 200 63
2023-10-29 08:27:22,612 [DEBUG] [Line No. 162] tweeterpy.tweeterpy : generate_session :: Session has been generated.
2023-10-29 08:27:22,612 [DEBUG] [Line No. 29] tweeterpy.api_util : __init__ :: Updating API...
2023-10-29 08:27:22,613 [DEBUG] [Line No. 20] tweeterpy.request_util : make_request :: {'url': 'https://www.twitter.com/', 'session': <requests.sessions.Session object at 0x7fb7f498fc10>, 'method': 'GET', 'max_retries': 3, 'timeout': 5, 'skip_error_checking': False, 'kwargs': {}}
2023-10-29 08:27:22,714 [WARNING] [Line No. 38] tweeterpy.request_util : make_request :: Keyboard Interruption...
2023-10-29 08:27:22,715 [ERROR] [Line No. 72] tweeterpy.api_util : _get_api_file_url :: Couldn't get the API file Url.
'NoneType' object has no attribute 'group'
Traceback (most recent call last):
  File "/home/ubantu/Desktop/TweeterPy/tweeterpy/api_util.py", line 68, in _get_api_file_url
    api_file_name = re.search(api_file_regex, page_source).group(1)
AttributeError: 'NoneType' object has no attribute 'group'
2023-10-29 08:27:22,716 [ERROR] [Line No. 84] tweeterpy.api_util : _get_main_file_url :: Couldn't get the main file Url.
'NoneType' object has no attribute 'group'
Traceback (most recent call last):
  File "/home/ubantu/Desktop/TweeterPy/tweeterpy/api_util.py", line 80, in _get_main_file_url
    main_file_name = re.search(main_file_regex, page_source).group(0)
AttributeError: 'NoneType' object has no attribute 'group'
2023-10-29 08:27:22,716 [WARNING] [Line No. 48] tweeterpy.api_util : __init__ :: 'NoneType' object has no attribute 'group' Couldn't get the latest API data.
2023-10-29 08:27:22,716 [DEBUG] [Line No. 49] tweeterpy.api_util : __init__ :: Trying to restore API data from the backup file.
2023-10-29 08:27:22,717 [DEBUG] [Line No. 170] tweeterpy.api_util : _load_api_data :: Restoring API data from the backup file.
2023-10-29 08:27:22,718 [DEBUG] [Line No. 175] tweeterpy.api_util : _load_api_data :: API data restored successfully.
2023-10-29 08:27:22,719 [INFO] [Line No. 55] tweeterpy.api_util : __init__ :: API Updated Successfully.
2023-10-29 08:27:22,719 [DEBUG] [Line No. 44] tweeterpy.tweeterpy : _generate_request_data :: Request Payload => {'url': 'https://twitter.com/i/api/graphql/G3KGOASz96M-Qu0nwmGXNg/UserByScreenName', 'params': {'variables': '{"screen_name": "elonmusk", "withSafetyModeUserFields": true}', 'features': '{"hidden_profile_likes_enabled": true, "hidden_profile_subscriptions_enabled": true, "responsive_web_graphql_exclude_directive_enabled": true, "verified_phone_label_enabled": false, "subscriptions_verification_info_is_identity_verified_enabled": true, "subscriptions_verification_info_verified_since_enabled": true, "highlights_tweets_tab_ui_enabled": true, "creator_subscriptions_tweet_preview_api_enabled": true, "responsive_web_graphql_skip_user_profile_image_extensions_enabled": false, "responsive_web_graphql_timeline_navigation_enabled": true}'}}
2023-10-29 08:27:22,719 [DEBUG] [Line No. 20] tweeterpy.request_util : make_request :: {'url': 'https://twitter.com/i/api/graphql/G3KGOASz96M-Qu0nwmGXNg/UserByScreenName', 'session': <requests.sessions.Session object at 0x7fb7f498fc10>, 'method': 'GET', 'max_retries': 3, 'timeout': 5, 'skip_error_checking': False, 'kwargs': {'params': {'variables': '{"screen_name": "elonmusk", "withSafetyModeUserFields": true}', 'features': '{"hidden_profile_likes_enabled": true, "hidden_profile_subscriptions_enabled": true, "responsive_web_graphql_exclude_directive_enabled": true, "verified_phone_label_enabled": false, "subscriptions_verification_info_is_identity_verified_enabled": true, "subscriptions_verification_info_verified_since_enabled": true, "highlights_tweets_tab_ui_enabled": true, "creator_subscriptions_tweet_preview_api_enabled": true, "responsive_web_graphql_skip_user_profile_image_extensions_enabled": false, "responsive_web_graphql_timeline_navigation_enabled": true}'}}}
2023-10-29 08:27:22,982 [DEBUG] [Line No. 546] urllib3.connectionpool : _make_request :: https://twitter.com:443 "GET /i/api/graphql/G3KGOASz96M-Qu0nwmGXNg/UserByScreenName?variables=%7B%22screen_name%22%3A+%22elonmusk%22%2C+%22withSafetyModeUserFields%22%3A+true%7D&features=%7B%22hidden_profile_likes_enabled%22%3A+true%2C+%22hidden_profile_subscriptions_enabled%22%3A+true%2C+%22responsive_web_graphql_exclude_directive_enabled%22%3A+true%2C+%22verified_phone_label_enabled%22%3A+false%2C+%22subscriptions_verification_info_is_identity_verified_enabled%22%3A+true%2C+%22subscriptions_verification_info_verified_since_enabled%22%3A+true%2C+%22highlights_tweets_tab_ui_enabled%22%3A+true%2C+%22creator_subscriptions_tweet_preview_api_enabled%22%3A+true%2C+%22responsive_web_graphql_skip_user_profile_image_extensions_enabled%22%3A+false%2C+%22responsive_web_graphql_timeline_navigation_enabled%22%3A+true%7D HTTP/1.1" 200 1018
2023-10-29 08:27:22,983 [DEBUG] [Line No. 116] tweeterpy.util : check_api_rate_limits :: {'total_limit': 95, 'remaining_requests_count': 94, 'resets_after': '0 Hours, 14 Minutes, 59.02 Seconds', 'reset_after_datetime_object': datetime.timedelta(seconds=899, microseconds=16257), 'rate_limit_exhausted': False}
2023-10-29 08:27:22,989 [DEBUG] [Line No. 60] chardet.charsetprober : feed :: SHIFT_JIS Japanese prober hit error at byte 791
2023-10-29 08:27:22,990 [DEBUG] [Line No. 61] chardet.charsetprober : feed :: EUC-JP Japanese prober hit error at byte 790
2023-10-29 08:27:22,995 [DEBUG] [Line No. 65] chardet.charsetprober : feed :: EUC-KR Korean prober hit error at byte 790
2023-10-29 08:27:23,005 [DEBUG] [Line No. 65] chardet.charsetprober : feed :: EUC-TW Taiwan prober hit error at byte 789
2023-10-29 08:27:23,012 [DEBUG] [Line No. 101] chardet.charsetprober : get_confidence :: utf-8  confidence = 0.505
2023-10-29 08:27:23,012 [DEBUG] [Line No. 98] chardet.charsetprober : get_confidence :: SHIFT_JIS not active
2023-10-29 08:27:23,013 [DEBUG] [Line No. 98] chardet.charsetprober : get_confidence :: EUC-JP not active
2023-10-29 08:27:23,013 [DEBUG] [Line No. 101] chardet.charsetprober : get_confidence :: GB2312 Chinese confidence = 0.01
2023-10-29 08:27:23,013 [DEBUG] [Line No. 98] chardet.charsetprober : get_confidence :: EUC-KR not active
2023-10-29 08:27:23,013 [DEBUG] [Line No. 101] chardet.charsetprober : get_confidence :: CP949 Korean confidence = 0.01
2023-10-29 08:27:23,013 [DEBUG] [Line No. 101] chardet.charsetprober : get_confidence :: Big5 Chinese confidence = 0.01
2023-10-29 08:27:23,013 [DEBUG] [Line No. 98] chardet.charsetprober : get_confidence :: EUC-TW not active
2023-10-29 08:27:23,013 [DEBUG] [Line No. 101] chardet.charsetprober : get_confidence :: windows-1251 Russian confidence = 0.01
2023-10-29 08:27:23,013 [DEBUG] [Line No. 101] chardet.charsetprober : get_confidence :: KOI8-R Russian confidence = 0.01
2023-10-29 08:27:23,013 [DEBUG] [Line No. 101] chardet.charsetprober : get_confidence :: ISO-8859-5 Russian confidence = 0.01
2023-10-29 08:27:23,013 [DEBUG] [Line No. 101] chardet.charsetprober : get_confidence :: MacCyrillic Russian confidence = 0.01
2023-10-29 08:27:23,013 [DEBUG] [Line No. 101] chardet.charsetprober : get_confidence :: IBM866 Russian confidence = 0.01
2023-10-29 08:27:23,013 [DEBUG] [Line No. 101] chardet.charsetprober : get_confidence :: IBM855 Russian confidence = 0.01
2023-10-29 08:27:23,014 [DEBUG] [Line No. 101] chardet.charsetprober : get_confidence :: ISO-8859-7 Greek confidence = 0.01
2023-10-29 08:27:23,014 [DEBUG] [Line No. 101] chardet.charsetprober : get_confidence :: windows-1253 Greek confidence = 0.01
2023-10-29 08:27:23,014 [DEBUG] [Line No. 101] chardet.charsetprober : get_confidence :: ISO-8859-5 Bulgarian confidence = 0.01
2023-10-29 08:27:23,014 [DEBUG] [Line No. 101] chardet.charsetprober : get_confidence :: windows-1251 Bulgarian confidence = 0.01
2023-10-29 08:27:23,014 [DEBUG] [Line No. 101] chardet.charsetprober : get_confidence :: TIS-620 Thai confidence = 0.01
2023-10-29 08:27:23,014 [DEBUG] [Line No. 101] chardet.charsetprober : get_confidence :: ISO-8859-9 Turkish confidence = 0.5585796601109781
2023-10-29 08:27:23,014 [DEBUG] [Line No. 101] chardet.charsetprober : get_confidence :: windows-1255 Hebrew confidence = 0.0
2023-10-29 08:27:23,014 [DEBUG] [Line No. 101] chardet.charsetprober : get_confidence :: windows-1255 Hebrew confidence = 0.01
2023-10-29 08:27:23,014 [DEBUG] [Line No. 101] chardet.charsetprober : get_confidence :: windows-1255 Hebrew confidence = 0.01
2023-10-29 08:27:23,014 [DEBUG] [Line No. 101] chardet.charsetprober : get_confidence :: windows-1251 Russian confidence = 0.01
2023-10-29 08:27:23,014 [DEBUG] [Line No. 101] chardet.charsetprober : get_confidence :: KOI8-R Russian confidence = 0.01
2023-10-29 08:27:23,014 [DEBUG] [Line No. 101] chardet.charsetprober : get_confidence :: ISO-8859-5 Russian confidence = 0.01
2023-10-29 08:27:23,014 [DEBUG] [Line No. 101] chardet.charsetprober : get_confidence :: MacCyrillic Russian confidence = 0.01
2023-10-29 08:27:23,014 [DEBUG] [Line No. 101] chardet.charsetprober : get_confidence :: IBM866 Russian confidence = 0.01
2023-10-29 08:27:23,015 [DEBUG] [Line No. 101] chardet.charsetprober : get_confidence :: IBM855 Russian confidence = 0.01
2023-10-29 08:27:23,015 [DEBUG] [Line No. 101] chardet.charsetprober : get_confidence :: ISO-8859-7 Greek confidence = 0.01
2023-10-29 08:27:23,015 [DEBUG] [Line No. 101] chardet.charsetprober : get_confidence :: windows-1253 Greek confidence = 0.01
2023-10-29 08:27:23,015 [DEBUG] [Line No. 101] chardet.charsetprober : get_confidence :: ISO-8859-5 Bulgarian confidence = 0.01
2023-10-29 08:27:23,015 [DEBUG] [Line No. 101] chardet.charsetprober : get_confidence :: windows-1251 Bulgarian confidence = 0.01
2023-10-29 08:27:23,015 [DEBUG] [Line No. 101] chardet.charsetprober : get_confidence :: TIS-620 Thai confidence = 0.01
2023-10-29 08:27:23,015 [DEBUG] [Line No. 101] chardet.charsetprober : get_confidence :: ISO-8859-9 Turkish confidence = 0.5585796601109781
2023-10-29 08:27:23,015 [DEBUG] [Line No. 101] chardet.charsetprober : get_confidence :: windows-1255 Hebrew confidence = 0.0
2023-10-29 08:27:23,015 [DEBUG] [Line No. 101] chardet.charsetprober : get_confidence :: windows-1255 Hebrew confidence = 0.01
2023-10-29 08:27:23,015 [DEBUG] [Line No. 101] chardet.charsetprober : get_confidence :: windows-1255 Hebrew confidence = 0.01
2023-10-29 08:27:23,016 [WARNING] [Line No. 130] tweeterpy.tweeterpy : wrapper :: User is not authenticated.
